C51 COMPILER V9.57.0.0   PART2_4_2                                                         06/24/2019 01:46:51 PAGE 1   


C51 COMPILER V9.57.0.0, COMPILATION OF MODULE PART2_4_2
OBJECT MODULE PLACED IN part2.4_2.OBJ
COMPILER INVOKED BY: D:\Program Files\Keil_v5\C51\BIN\C51.EXE part2.4_2.c OPTIMIZE(8,SPEED) BROWSE DEBUG OBJECTEXTEND TA
                    -BS(2)

line level    source

   1          #include <reg52.h> 
   2          #include <intrins.h> 
   3          #include <stdio.h>  
   4          #define uchar unsigned char
   5          #define uint unsigned int
   6          sbit dula=P2^6;   //申明U1锁存器的锁存端
   7          sbit wela=P2^7;   //申明U2锁存器的锁存端
   8          sbit adwr=P3^6;   //定义AD的WR端口
   9          sbit adrd=P3^7;   //定义AD的RD端口
  10          uchar flag,a;
  11          unsigned char flag_uart,flag_time,flag_on,a,i,t0_num,ad_val;
  12          float ad_vo;
  13          uchar code table[]={
  14          0x3f,0x06,0x5b,0x4f,
  15          0x66,0x6d,0x7d,0x07,
  16          0x7f,0x6f,0x77,0x7c,
  17          0x39,0x5e,0x79,0x71};
  18          void delayms(uint xms)        
  19          {
  20   1        uint i,j;
  21   1        for(i=xms;i>0;i--)          //i=xms即延时约xms毫秒
  22   1          for(j=110;j>0;j--);
  23   1      }
  24          void init()
  25          {
  26   1        TMOD=0x21;
  27   1        SCON=0x50;
  28   1        TH0=(65536-50000)/256;
  29   1        TL0=(65536-50000)%256;
  30   1        TH1=0xFD;
  31   1        TL1=0xFD;
  32   1        PCON = 0x00;
  33   1        ET0=1;
  34   1      //  SM0=0;
  35   1      //  SM1=1;
  36   1      //  REN=1;
  37   1        EA=1;
  38   1        ES=1;
  39   1        TR1=1;
  40   1      }
  41          void display(uchar value)  //显示子函数
  42          {
  43   1        uchar bai,shi,ge;
  44   1        bai=value/100;    //分出百，十，和个位
  45   1        shi=value%100/10;
  46   1        ge=value%10;
  47   1        dula=1;
  48   1        P0=table[bai];    //送段选数据
  49   1        dula=0;
  50   1        wela=1;     //原来段选数据通过位选锁存器造成混乱
  51   1        P0=0x7e;    //送位选数据
  52   1        wela=0;
  53   1        delayms(5);     //延时
  54   1        P0=0;
C51 COMPILER V9.57.0.0   PART2_4_2                                                         06/24/2019 01:46:51 PAGE 2   

  55   1        dula=1;
  56   1        P0=table[shi];
  57   1        dula=0;
  58   1        wela=1;
  59   1        P0=0x7d;
  60   1        wela=0;
  61   1        delayms(5);
  62   1        P0=0;
  63   1        dula=1;
  64   1        P0=table[ge];
  65   1        dula=0;
  66   1        wela=1;
  67   1        P0=0x7b;
  68   1        wela=0;
  69   1        delayms(5);
  70   1        P0=0;
  71   1      }
  72          uchar get_ad()    
  73          {
  74   1        uchar adval;
  75   1        adwr=1;
  76   1        _nop_();
  77   1        adwr=0;     //启动AD转换
  78   1        _nop_();
  79   1        adwr=1;
  80   1        P1=0xff;                    //读取P1口之前先给其写全1 
  81   1        adrd=1;                   
  82   1        _nop_();  
  83   1        adrd=0;                     //AD读使能
  84   1        _nop_();
  85   1        adval=P1;     //AD数据读取
  86   1        adrd=1;
  87   1        return adval;
  88   1      } 
  89          void main()
  90          {
  91   1        init();
  92   1        wela=1;
  93   1        P0=0x7f;           //置CSAD为0，选通ADCS 以后不必再管ADCS
  94   1        wela=0;
  95   1        while(1)
  96   1        {
  97   2          if(flag_uart==1)
  98   2          {
  99   3            flag_uart=0;
 100   3            ES=0;
 101   3            TI=1;
 102   3            switch(flag_on)
 103   3            {
 104   4              case 0: puts("Turn on ad!\n");
 105   4                  TR0=1;
 106   4                  break;
 107   4              case 1: printf("Turn off ad!\n");
 108   4                  TR0=0;
 109   4                  break;
 110   4              case 2: puts("Error!\n");
 111   4                  break;
 112   4            }
 113   3            while(!TI);//必须要加
 114   3            TI=0;
 115   3            ES=1;
 116   3          }
C51 COMPILER V9.57.0.0   PART2_4_2                                                         06/24/2019 01:46:51 PAGE 3   

 117   2          if(flag_time==1)
 118   2          {
 119   3            flag_time=0;
 120   3            ad_val=get_ad();
 121   3            ad_vo=(float)ad_val*5.0/256.0;
 122   3            ES=0;
 123   3            TI=1;
 124   3            printf("The voltage is %fV\n",ad_vo);
 125   3            while(!TI);
 126   3            TI=0;
 127   3            ES=1;
 128   3          }
 129   2          display(ad_val);
 130   2        }
 131   1      }
 132          void timer0() interrupt 1
 133          {
 134   1        TH0=(65536-50000)/256;
 135   1        TL0=(65536-50000)%256;
 136   1        t0_num++;
 137   1        if(t0_num==20)
 138   1        {
 139   2          t0_num=0;
 140   2          flag_time=1;
 141   2        }
 142   1      }
 143          void ser() interrupt 4
 144          {
 145   1        RI=0;
 146   1        a=SBUF;
 147   1        flag_uart=1;
 148   1        if(a=='1')
 149   1          flag_on=0;
 150   1        else if(a=='2')
 151   1            flag_on=1;
 152   1          else
 153   1            flag_on=2;
 154   1      }
 155          
 156          
 157          
 158          


MODULE INFORMATION:   STATIC OVERLAYABLE
   CODE SIZE        =    406    ----
   CONSTANT SIZE    =     71    ----
   XDATA SIZE       =   ----    ----
   PDATA SIZE       =   ----    ----
   DATA SIZE        =     12    ----
   IDATA SIZE       =   ----    ----
   BIT SIZE         =   ----    ----
END OF MODULE INFORMATION.


C51 COMPILATION COMPLETE.  0 WARNING(S),  0 ERROR(S)
