C51 COMPILER V9.57.0.0   MAIN                                                              06/22/2019 19:38:12 PAGE 1   


C51 COMPILER V9.57.0.0, COMPILATION OF MODULE MAIN
OBJECT MODULE PLACED IN main.OBJ
COMPILER INVOKED BY: D:\Program Files\Keil_v5\C51\BIN\C51.EXE main.c OPTIMIZE(8,SPEED) DEBUG OBJECTEXTEND TABS(2)

line level    source

   1          #include<reg52.h>
   2          #define uint unsigned int
   3          //sbit led1 = P2^0;
   4          uint i;
   5          void main()
   6          {
   7   1        while(1)
   8   1        {
   9   2          //led1=0;
  10   2          P1=0x55;
  11   2          for(i=50000;i>0;i--);
  12   2          //led1=1;
  13   2          P1=0xaa;
  14   2          for(i=50000;i>0;i--);
  15   2        }
  16   1      }


MODULE INFORMATION:   STATIC OVERLAYABLE
   CODE SIZE        =     53    ----
   CONSTANT SIZE    =   ----    ----
   XDATA SIZE       =   ----    ----
   PDATA SIZE       =   ----    ----
   DATA SIZE        =      2    ----
   IDATA SIZE       =   ----    ----
   BIT SIZE         =   ----    ----
END OF MODULE INFORMATION.


C51 COMPILATION COMPLETE.  0 WARNING(S),  0 ERROR(S)
