Added Component: Designator=C1(Cap0805)
Add component. Clean all parameters for all variants
Added Component: Designator=C2(Cap0805)
Add component. Clean all parameters for all variants
Added Component: Designator=C3(Cap0805)
Add component. Clean all parameters for all variants
Added Component: Designator=C4(Cap0805)
Add component. Clean all parameters for all variants
Added Component: Designator=C5(Cap0805)
Add component. Clean all parameters for all variants
Added Component: Designator=C6(Cap0805)
Add component. Clean all parameters for all variants
Added Component: Designator=C7(Cap0805)
Add component. Clean all parameters for all variants
Added Component: Designator=C8(Cap0805)
Add component. Clean all parameters for all variants
Added Component: Designator=C9(Cap0805)
Add component. Clean all parameters for all variants
Added Component: Designator=P1(HDR1X8)
Add component. Clean all parameters for all variants
Added Component: Designator=P2(HDR1X8)
Add component. Clean all parameters for all variants
Added Component: Designator=P3(HDR1X8)
Add component. Clean all parameters for all variants
Added Component: Designator=P4(HDR1X8)
Add component. Clean all parameters for all variants
Added Component: Designator=P5(HDR1X11)
Add component. Clean all parameters for all variants
Added Component: Designator=P6(HDR1X2)
Add component. Clean all parameters for all variants
Added Component: Designator=POWER(µçÔ´¶Ë×Ó)
Add component. Clean all parameters for all variants
Added Component: Designator=R1(0805R)
Add component. Clean all parameters for all variants
Added Component: Designator=U1(3P_7805)
Add component. Clean all parameters for all variants
Added Component: Designator=U2(3P_7805)
Add component. Clean all parameters for all variants
Added Component: Designator=U3(3P_7805)
Add component. Clean all parameters for all variants
Added Component: Designator=U4(89c51)
Add component. Clean all parameters for all variants
Added Component: Designator=Y1(XTAL)
Add component. Clean all parameters for all variants
Added Pin To Net: NetName=5V1 Pin=C5-2
Added Pin To Net: NetName=5V1 Pin=P5-5
Added Pin To Net: NetName=5V1 Pin=P5-6
Added Pin To Net: NetName=5V1 Pin=U1-3
Added Net: Name=5V1
Added Pin To Net: NetName=5V2 Pin=C7-2
Added Pin To Net: NetName=5V2 Pin=P5-9
Added Pin To Net: NetName=5V2 Pin=P5-10
Added Pin To Net: NetName=5V2 Pin=U2-3
Added Net: Name=5V2
Added Pin To Net: NetName=6V Pin=C9-2
Added Pin To Net: NetName=6V Pin=U3-3
Added Net: Name=6V
Added Pin To Net: NetName=GND Pin=C2-2
Added Pin To Net: NetName=GND Pin=C3-2
Added Pin To Net: NetName=GND Pin=P5-7
Added Pin To Net: NetName=GND Pin=P5-8
Added Pin To Net: NetName=GND Pin=P5-11
Added Pin To Net: NetName=GND Pin=POWER-1
Added Pin To Net: NetName=GND Pin=R1-2
Added Pin To Net: NetName=GND Pin=U1-2
Added Pin To Net: NetName=GND Pin=U2-2
Added Pin To Net: NetName=GND Pin=U3-2
Added Pin To Net: NetName=GND Pin=U4-20
Added Net: Name=GND
Added Pin To Net: NetName=NetC1_3 Pin=R1-1
Added Pin To Net: NetName=NetC1_3 Pin=U4-9
Added Net: Name=NetC1_3
Added Pin To Net: NetName=NetC2_3 Pin=U4-18
Added Pin To Net: NetName=NetC2_3 Pin=Y1-1
Added Net: Name=NetC2_3
Added Pin To Net: NetName=NetC3_3 Pin=U4-19
Added Pin To Net: NetName=NetC3_3 Pin=Y1-2
Added Net: Name=NetC3_3
Added Pin To Net: NetName=NetC4_2 Pin=C4-2
Added Pin To Net: NetName=NetC4_2 Pin=C6-2
Added Pin To Net: NetName=NetC4_2 Pin=C8-2
Added Pin To Net: NetName=NetC4_2 Pin=P5-4
Added Pin To Net: NetName=NetC4_2 Pin=POWER-2
Added Pin To Net: NetName=NetC4_2 Pin=U1-1
Added Pin To Net: NetName=NetC4_2 Pin=U2-1
Added Pin To Net: NetName=NetC4_2 Pin=U3-1
Added Net: Name=NetC4_2
Added Pin To Net: NetName=NetP1_4 Pin=P1-4
Added Pin To Net: NetName=NetP1_4 Pin=U4-39
Added Net: Name=NetP1_4
Added Pin To Net: NetName=NetP1_5 Pin=P1-5
Added Pin To Net: NetName=NetP1_5 Pin=U4-38
Added Net: Name=NetP1_5
Added Pin To Net: NetName=NetP1_6 Pin=P1-6
Added Pin To Net: NetName=NetP1_6 Pin=U4-37
Added Net: Name=NetP1_6
Added Pin To Net: NetName=NetP1_7 Pin=P1-7
Added Pin To Net: NetName=NetP1_7 Pin=U4-36
Added Net: Name=NetP1_7
Added Pin To Net: NetName=NetP1_8 Pin=P1-8
Added Pin To Net: NetName=NetP1_8 Pin=U4-35
Added Net: Name=NetP1_8
Added Pin To Net: NetName=NetP1_9 Pin=U4-34
Added Net: Name=NetP1_9
Added Pin To Net: NetName=NetP1_10 Pin=U4-33
Added Net: Name=NetP1_10
Added Pin To Net: NetName=NetP1_11 Pin=U4-32
Added Net: Name=NetP1_11
Added Pin To Net: NetName=NetP2_4 Pin=P2-4
Added Pin To Net: NetName=NetP2_4 Pin=U4-28
Added Net: Name=NetP2_4
Added Pin To Net: NetName=NetP2_5 Pin=P2-5
Added Pin To Net: NetName=NetP2_5 Pin=U4-27
Added Net: Name=NetP2_5
Added Pin To Net: NetName=NetP2_6 Pin=P2-6
Added Pin To Net: NetName=NetP2_6 Pin=U4-26
Added Net: Name=NetP2_6
Added Pin To Net: NetName=NetP2_7 Pin=P2-7
Added Pin To Net: NetName=NetP2_7 Pin=U4-25
Added Net: Name=NetP2_7
Added Pin To Net: NetName=NetP2_8 Pin=P2-8
Added Pin To Net: NetName=NetP2_8 Pin=U4-24
Added Net: Name=NetP2_8
Added Pin To Net: NetName=NetP2_9 Pin=U4-23
Added Net: Name=NetP2_9
Added Pin To Net: NetName=NetP2_10 Pin=U4-22
Added Net: Name=NetP2_10
Added Pin To Net: NetName=NetP2_11 Pin=U4-21
Added Net: Name=NetP2_11
Added Pin To Net: NetName=NetP3_4 Pin=P3-4
Added Pin To Net: NetName=NetP3_4 Pin=U4-17
Added Net: Name=NetP3_4
Added Pin To Net: NetName=NetP3_5 Pin=P3-5
Added Pin To Net: NetName=NetP3_5 Pin=U4-16
Added Net: Name=NetP3_5
Added Pin To Net: NetName=NetP3_6 Pin=P3-6
Added Pin To Net: NetName=NetP3_6 Pin=U4-15
Added Net: Name=NetP3_6
Added Pin To Net: NetName=NetP3_7 Pin=P3-7
Added Pin To Net: NetName=NetP3_7 Pin=U4-14
Added Net: Name=NetP3_7
Added Pin To Net: NetName=NetP3_8 Pin=P3-8
Added Pin To Net: NetName=NetP3_8 Pin=U4-13
Added Net: Name=NetP3_8
Added Pin To Net: NetName=NetP3_9 Pin=U4-12
Added Net: Name=NetP3_9
Added Pin To Net: NetName=NetP3_10 Pin=U4-11
Added Net: Name=NetP3_10
Added Pin To Net: NetName=NetP3_11 Pin=U4-10
Added Net: Name=NetP3_11
Added Pin To Net: NetName=NetP4_4 Pin=P4-4
Added Pin To Net: NetName=NetP4_4 Pin=U4-8
Added Net: Name=NetP4_4
Added Pin To Net: NetName=NetP4_5 Pin=P4-5
Added Pin To Net: NetName=NetP4_5 Pin=U4-7
Added Net: Name=NetP4_5
Added Pin To Net: NetName=NetP4_6 Pin=P4-6
Added Pin To Net: NetName=NetP4_6 Pin=U4-6
Added Net: Name=NetP4_6
Added Pin To Net: NetName=NetP4_7 Pin=P4-7
Added Pin To Net: NetName=NetP4_7 Pin=U4-5
Added Net: Name=NetP4_7
Added Pin To Net: NetName=NetP4_8 Pin=P4-8
Added Pin To Net: NetName=NetP4_8 Pin=U4-4
Added Net: Name=NetP4_8
Added Pin To Net: NetName=NetP4_9 Pin=U4-3
Added Net: Name=NetP4_9
Added Pin To Net: NetName=NetP4_10 Pin=U4-2
Added Net: Name=NetP4_10
Added Pin To Net: NetName=NetP4_11 Pin=U4-1
Added Net: Name=NetP4_11
Added Pin To Net: NetName=VCC Pin=C1-2
Added Pin To Net: NetName=VCC Pin=P6-1
Added Pin To Net: NetName=VCC Pin=U4-31
Added Pin To Net: NetName=VCC Pin=U4-40
Added Net: Name=VCC
Added Class: Name=89c51
