Removed Pin From Net: NetName=VCC Pin=C1-2
Removed Pin From Net: NetName=GND Pin=C2-2
Removed Pin From Net: NetName=GND Pin=C3-2
Removed Pin From Net: NetName=NetC4_2 Pin=C4-2
Removed Pin From Net: NetName=5V1 Pin=C5-2
Removed Pin From Net: NetName=NetC4_2 Pin=C6-2
Removed Pin From Net: NetName=5V2 Pin=C7-2
Removed Pin From Net: NetName=NetC4_2 Pin=C8-2
Removed Pin From Net: NetName=6V Pin=C9-2
Removed Pin From Net: NetName=NetC4_2 Pin=P5-4
Removed Pin From Net: NetName=5V1 Pin=P5-5
Removed Pin From Net: NetName=5V1 Pin=P5-6
Removed Pin From Net: NetName=GND Pin=P5-7
Removed Pin From Net: NetName=5V2 Pin=P5-9
Removed Pin From Net: NetName=5V2 Pin=P5-10
Removed Pin From Net: NetName=NetP4_8 Pin=U4-4
Removed Pin From Net: NetName=NetP4_7 Pin=U4-5
Removed Pin From Net: NetName=NetP4_6 Pin=U4-6
Removed Pin From Net: NetName=NetP4_5 Pin=U4-7
Removed Pin From Net: NetName=NetP4_4 Pin=U4-8
Removed Pin From Net: NetName=NetP3_8 Pin=U4-13
Removed Pin From Net: NetName=NetP3_7 Pin=U4-14
Removed Pin From Net: NetName=NetP3_6 Pin=U4-15
Removed Pin From Net: NetName=NetP3_5 Pin=U4-16
Removed Pin From Net: NetName=NetP3_4 Pin=U4-17
Removed Pin From Net: NetName=NetP2_8 Pin=U4-24
Removed Pin From Net: NetName=NetP2_7 Pin=U4-25
Removed Pin From Net: NetName=NetP2_6 Pin=U4-26
Removed Pin From Net: NetName=NetP2_5 Pin=U4-27
Removed Pin From Net: NetName=NetP2_4 Pin=U4-28
Removed Pin From Net: NetName=NetP1_8 Pin=U4-35
Removed Pin From Net: NetName=NetP1_7 Pin=U4-36
Removed Pin From Net: NetName=NetP1_6 Pin=U4-37
Removed Pin From Net: NetName=NetP1_5 Pin=U4-38
Removed Pin From Net: NetName=NetP1_4 Pin=U4-39
Change Component Comment : Designator=C5 Old Comment=0.1uF New Comment=CAP
Change Component Comment : Designator=C7 Old Comment=0.1uF New Comment=CAP
Change Component Comment : Designator=C9 Old Comment=0.1uF New Comment=CAP
Change Component Comment : Designator=C4 Old Comment=0.33uF New Comment=CAP
Change Component Comment : Designator=C6 Old Comment=0.33uF New Comment=CAP
Change Component Comment : Designator=C8 Old Comment=0.33uF New Comment=CAP
Change Component Comment : Designator=R1 Old Comment=10K New Comment=RES
Change Component Comment : Designator=C1 Old Comment=10uF New Comment=CAP
Change Component Comment : Designator=C2 Old Comment=22pF New Comment=CAP
Change Component Comment : Designator=C3 Old Comment=22pF New Comment=CAP
Change Component Comment : Designator=P1 Old Comment=Header 8 New Comment=CON8
Change Component Comment : Designator=P2 Old Comment=Header 8 New Comment=CON8
Change Component Comment : Designator=P3 Old Comment=Header 8 New Comment=CON8
Change Component Comment : Designator=P4 Old Comment=Header 8 New Comment=CON8
Change Component Comment : Designator=P5 Old Comment=Header 11 New Comment=CON11
Change Component Comment : Designator=Y1 Old Comment=¾§Õñ New Comment=CRY
Change Component Comment : Designator=POWER Old Comment=µçÔ´¶Ë×Ó New Comment=power
Added Pin To Net: NetName=VCC Pin=C1-1
Added Pin To Net: NetName=GND Pin=C2-1
Added Pin To Net: NetName=GND Pin=C3-1
Added Pin To Net: NetName=NetC4_2 Pin=C4-1
Added Pin To Net: NetName=GND Pin=C4-2
Added Pin To Net: NetName=5V1 Pin=C5-1
Added Pin To Net: NetName=GND Pin=C5-2
Added Pin To Net: NetName=NetC4_2 Pin=C6-1
Added Pin To Net: NetName=GND Pin=C6-2
Added Pin To Net: NetName=5V2 Pin=C7-1
Added Pin To Net: NetName=GND Pin=C7-2
Added Pin To Net: NetName=NetC4_2 Pin=C8-1
Added Pin To Net: NetName=GND Pin=C8-2
Added Pin To Net: NetName=6V Pin=C9-1
Added Pin To Net: NetName=GND Pin=C9-2
Added Pin To Net: NetName=NetC4_2 Pin=P5-1
Added Pin To Net: NetName=5V1 Pin=P5-2
Added Pin To Net: NetName=5V1 Pin=P5-3
Added Pin To Net: NetName=GND Pin=P5-4
Added Pin To Net: NetName=GND Pin=P5-5
Added Pin To Net: NetName=5V2 Pin=P5-6
Added Pin To Net: NetName=5V2 Pin=P5-7
Added Pin To Net: NetName=GND Pin=P5-9
Added Pin To Net: NetName=6V Pin=P5-10
Added Pin To Net: NetName=NetP4_8 Pin=U4-1
Added Pin To Net: NetName=NetP4_7 Pin=U4-2
Added Pin To Net: NetName=NetP4_6 Pin=U4-3
Added Pin To Net: NetName=NetP4_5 Pin=U4-4
Added Pin To Net: NetName=NetP4_4 Pin=U4-5
Added Pin To Net: NetName=NetP3_8 Pin=U4-10
Added Pin To Net: NetName=NetP3_7 Pin=U4-11
Added Pin To Net: NetName=NetP3_6 Pin=U4-12
Added Pin To Net: NetName=NetP3_5 Pin=U4-13
Added Pin To Net: NetName=NetP3_4 Pin=U4-14
Added Pin To Net: NetName=NetP2_8 Pin=U4-21
Added Pin To Net: NetName=NetP2_7 Pin=U4-22
Added Pin To Net: NetName=NetP2_6 Pin=U4-23
Added Pin To Net: NetName=NetP2_5 Pin=U4-24
Added Pin To Net: NetName=NetP2_4 Pin=U4-25
Added Pin To Net: NetName=NetP1_8 Pin=U4-32
Added Pin To Net: NetName=NetP1_7 Pin=U4-33
Added Pin To Net: NetName=NetP1_6 Pin=U4-34
Added Pin To Net: NetName=NetP1_5 Pin=U4-35
Added Pin To Net: NetName=NetP1_4 Pin=U4-36
Change Net Name : Old Net Name=NetC4_2 New Net Name=NetC4_1
Added Pin To Net: NetName=NetC1_2 Pin=C1-2
Added Pin To Net: NetName=NetC1_2 Pin=R1-1
Added Pin To Net: NetName=NetC1_2 Pin=U4-9
Added Net: Name=NetC1_2
Added Pin To Net: NetName=NetC2_2 Pin=C2-2
Added Pin To Net: NetName=NetC2_2 Pin=U4-18
Added Pin To Net: NetName=NetC2_2 Pin=Y1-1
Added Net: Name=NetC2_2
Added Pin To Net: NetName=NetC3_2 Pin=C3-2
Added Pin To Net: NetName=NetC3_2 Pin=U4-19
Added Pin To Net: NetName=NetC3_2 Pin=Y1-2
Added Net: Name=NetC3_2
Added Pin To Net: NetName=NetP1_1 Pin=P1-1
Added Pin To Net: NetName=NetP1_1 Pin=U4-39
Added Net: Name=NetP1_1
Added Pin To Net: NetName=NetP1_2 Pin=P1-2
Added Pin To Net: NetName=NetP1_2 Pin=U4-38
Added Net: Name=NetP1_2
Added Pin To Net: NetName=NetP1_3 Pin=P1-3
Added Pin To Net: NetName=NetP1_3 Pin=U4-37
Added Net: Name=NetP1_3
Added Pin To Net: NetName=NetP2_1 Pin=P2-1
Added Pin To Net: NetName=NetP2_1 Pin=U4-28
Added Net: Name=NetP2_1
Added Pin To Net: NetName=NetP2_2 Pin=P2-2
Added Pin To Net: NetName=NetP2_2 Pin=U4-27
Added Net: Name=NetP2_2
Added Pin To Net: NetName=NetP2_3 Pin=P2-3
Added Pin To Net: NetName=NetP2_3 Pin=U4-26
Added Net: Name=NetP2_3
Added Pin To Net: NetName=NetP3_1 Pin=P3-1
Added Pin To Net: NetName=NetP3_1 Pin=U4-17
Added Net: Name=NetP3_1
Added Pin To Net: NetName=NetP3_2 Pin=P3-2
Added Pin To Net: NetName=NetP3_2 Pin=U4-16
Added Net: Name=NetP3_2
Added Pin To Net: NetName=NetP3_3 Pin=P3-3
Added Pin To Net: NetName=NetP3_3 Pin=U4-15
Added Net: Name=NetP3_3
Added Pin To Net: NetName=NetP4_1 Pin=P4-1
Added Pin To Net: NetName=NetP4_1 Pin=U4-8
Added Net: Name=NetP4_1
Added Pin To Net: NetName=NetP4_2 Pin=P4-2
Added Pin To Net: NetName=NetP4_2 Pin=U4-7
Added Net: Name=NetP4_2
Added Pin To Net: NetName=NetP4_3 Pin=P4-3
Added Pin To Net: NetName=NetP4_3 Pin=U4-6
Added Net: Name=NetP4_3
