Added Component: Designator=C1(Cap0805)
Add component. Clean all parameters for all variants
Added Component: Designator=C2(Cap0805)
Add component. Clean all parameters for all variants
Added Component: Designator=C3(Cap0805)
Add component. Clean all parameters for all variants
Added Component: Designator=C4(Cap0805)
Add component. Clean all parameters for all variants
Added Component: Designator=C5(Cap0805)
Add component. Clean all parameters for all variants
Added Component: Designator=C6(Cap0805)
Add component. Clean all parameters for all variants
Added Component: Designator=C7(Cap0805)
Add component. Clean all parameters for all variants
Added Component: Designator=C8(Cap0805)
Add component. Clean all parameters for all variants
Added Component: Designator=C9(Cap0805)
Add component. Clean all parameters for all variants
Added Component: Designator=P1(HDR1X8)
Add component. Clean all parameters for all variants
Added Component: Designator=P2(HDR1X8)
Add component. Clean all parameters for all variants
Added Component: Designator=P3(HDR1X8)
Add component. Clean all parameters for all variants
Added Component: Designator=P4(HDR1X8)
Add component. Clean all parameters for all variants
Added Component: Designator=P5(HDR1X11)
Add component. Clean all parameters for all variants
Added Component: Designator=P6(HDR1X2)
Add component. Clean all parameters for all variants
Added Component: Designator=POWER(电源端子)
Add component. Clean all parameters for all variants
Added Component: Designator=R1(0805R)
Add component. Clean all parameters for all variants
Added Component: Designator=U1(3P_7805)
Add component. Clean all parameters for all variants
Added Component: Designator=U2(3P_7805)
Add component. Clean all parameters for all variants
Added Component: Designator=U3(3P_7805)
Add component. Clean all parameters for all variants
Added Component: Designator=U4(89c51)
Add component. Clean all parameters for all variants
Added Component: Designator=Y1(XTAL)
Add component. Clean all parameters for all variants
Added Pin To Net: NetName=VCC Pin=C1-2
Added Pin To Net: NetName=GND Pin=C2-2
Added Pin To Net: NetName=GND Pin=C3-2
Added Pin To Net: NetName=NetC4_2 Pin=C4-2
Added Pin To Net: NetName=5V1 Pin=C5-2
Added Pin To Net: NetName=NetC4_2 Pin=C6-2
Added Pin To Net: NetName=5V2 Pin=C7-2
Added Pin To Net: NetName=NetC4_2 Pin=C8-2
Added Pin To Net: NetName=6V Pin=C9-2
Added Pin To Net: NetName=NetP1_4 Pin=P1-4
Added Pin To Net: NetName=NetP1_5 Pin=P1-5
Added Pin To Net: NetName=NetP1_6 Pin=P1-6
Added Pin To Net: NetName=NetP1_7 Pin=P1-7
Added Pin To Net: NetName=NetP1_8 Pin=P1-8
Added Pin To Net: NetName=NetP2_4 Pin=P2-4
Added Pin To Net: NetName=NetP2_5 Pin=P2-5
Added Pin To Net: NetName=NetP2_6 Pin=P2-6
Added Pin To Net: NetName=NetP2_7 Pin=P2-7
Added Pin To Net: NetName=NetP2_8 Pin=P2-8
Added Pin To Net: NetName=NetP3_4 Pin=P3-4
Added Pin To Net: NetName=NetP3_5 Pin=P3-5
Added Pin To Net: NetName=NetP3_6 Pin=P3-6
Added Pin To Net: NetName=NetP3_7 Pin=P3-7
Added Pin To Net: NetName=NetP3_8 Pin=P3-8
Added Pin To Net: NetName=NetP4_4 Pin=P4-4
Added Pin To Net: NetName=NetP4_5 Pin=P4-5
Added Pin To Net: NetName=NetP4_6 Pin=P4-6
Added Pin To Net: NetName=NetP4_7 Pin=P4-7
Added Pin To Net: NetName=NetP4_8 Pin=P4-8
Added Pin To Net: NetName=NetC4_2 Pin=P5-4
Added Pin To Net: NetName=5V1 Pin=P5-5
Added Pin To Net: NetName=5V1 Pin=P5-6
Added Pin To Net: NetName=GND Pin=P5-7
Added Pin To Net: NetName=GND Pin=P5-8
Added Pin To Net: NetName=5V2 Pin=P5-9
Added Pin To Net: NetName=5V2 Pin=P5-10
Added Pin To Net: NetName=GND Pin=P5-11
Added Pin To Net: NetName=VCC Pin=P6-1
Added Pin To Net: NetName=GND Pin=POWER-1
Added Pin To Net: NetName=NetC4_2 Pin=POWER-2
Added Pin To Net: NetName=NetC1_3 Pin=R1-1
Added Pin To Net: NetName=GND Pin=R1-2
Added Pin To Net: NetName=NetC4_2 Pin=U1-1
Added Pin To Net: NetName=GND Pin=U1-2
Added Pin To Net: NetName=5V1 Pin=U1-3
Added Pin To Net: NetName=NetC4_2 Pin=U2-1
Added Pin To Net: NetName=GND Pin=U2-2
Added Pin To Net: NetName=5V2 Pin=U2-3
Added Pin To Net: NetName=NetC4_2 Pin=U3-1
Added Pin To Net: NetName=GND Pin=U3-2
Added Pin To Net: NetName=6V Pin=U3-3
Added Pin To Net: NetName=NetP4_11 Pin=U4-1
Added Pin To Net: NetName=NetP4_10 Pin=U4-2
Added Pin To Net: NetName=NetP4_9 Pin=U4-3
Added Pin To Net: NetName=NetP4_8 Pin=U4-4
Added Pin To Net: NetName=NetP4_7 Pin=U4-5
Added Pin To Net: NetName=NetP4_6 Pin=U4-6
Added Pin To Net: NetName=NetP4_5 Pin=U4-7
Added Pin To Net: NetName=NetP4_4 Pin=U4-8
Added Pin To Net: NetName=NetC1_3 Pin=U4-9
Added Pin To Net: NetName=NetP3_11 Pin=U4-10
Added Pin To Net: NetName=NetP3_10 Pin=U4-11
Added Pin To Net: NetName=NetP3_9 Pin=U4-12
Added Pin To Net: NetName=NetP3_8 Pin=U4-13
Added Pin To Net: NetName=NetP3_7 Pin=U4-14
Added Pin To Net: NetName=NetP3_6 Pin=U4-15
Added Pin To Net: NetName=NetP3_5 Pin=U4-16
Added Pin To Net: NetName=NetP3_4 Pin=U4-17
Added Pin To Net: NetName=NetC2_3 Pin=U4-18
Added Pin To Net: NetName=NetC3_3 Pin=U4-19
Added Pin To Net: NetName=GND Pin=U4-20
Added Pin To Net: NetName=NetP2_11 Pin=U4-21
Added Pin To Net: NetName=NetP2_10 Pin=U4-22
Added Pin To Net: NetName=NetP2_9 Pin=U4-23
Added Pin To Net: NetName=NetP2_8 Pin=U4-24
Added Pin To Net: NetName=NetP2_7 Pin=U4-25
Added Pin To Net: NetName=NetP2_6 Pin=U4-26
Added Pin To Net: NetName=NetP2_5 Pin=U4-27
Added Pin To Net: NetName=NetP2_4 Pin=U4-28
Added Pin To Net: NetName=VCC Pin=U4-31
Added Pin To Net: NetName=NetP1_11 Pin=U4-32
Added Pin To Net: NetName=NetP1_10 Pin=U4-33
Added Pin To Net: NetName=NetP1_9 Pin=U4-34
Added Pin To Net: NetName=NetP1_8 Pin=U4-35
Added Pin To Net: NetName=NetP1_7 Pin=U4-36
Added Pin To Net: NetName=NetP1_6 Pin=U4-37
Added Pin To Net: NetName=NetP1_5 Pin=U4-38
Added Pin To Net: NetName=NetP1_4 Pin=U4-39
Added Pin To Net: NetName=VCC Pin=U4-40
Added Pin To Net: NetName=NetC2_3 Pin=Y1-1
Added Pin To Net: NetName=NetC3_3 Pin=Y1-2
Added Member To Class: ClassName=89c51 Member=Component C1 10uF
Added Member To Class: ClassName=89c51 Member=Component C2 22pF
Added Member To Class: ClassName=89c51 Member=Component C3 22pF
Added Member To Class: ClassName=89c51 Member=Component C4 0.33uF
Added Member To Class: ClassName=89c51 Member=Component C5 0.1uF
Added Member To Class: ClassName=89c51 Member=Component C6 0.33uF
Added Member To Class: ClassName=89c51 Member=Component C7 0.1uF
Added Member To Class: ClassName=89c51 Member=Component C8 0.33uF
Added Member To Class: ClassName=89c51 Member=Component C9 0.1uF
Added Member To Class: ClassName=89c51 Member=Component P1 Header 8
Added Member To Class: ClassName=89c51 Member=Component P2 Header 8
Added Member To Class: ClassName=89c51 Member=Component P3 Header 8
Added Member To Class: ClassName=89c51 Member=Component P4 Header 8
Added Member To Class: ClassName=89c51 Member=Component P5 Header 11
Added Member To Class: ClassName=89c51 Member=Component P6 CON2_1
Added Member To Class: ClassName=89c51 Member=Component POWER 电源端子
Added Member To Class: ClassName=89c51 Member=Component R1 10K
Added Member To Class: ClassName=89c51 Member=Component U1 7805
Added Member To Class: ClassName=89c51 Member=Component U2 7805
Added Member To Class: ClassName=89c51 Member=Component U3 7805
Added Member To Class: ClassName=89c51 Member=Component U4 89C51
Added Member To Class: ClassName=89c51 Member=Component Y1 晶振
