C51 COMPILER V9.57.0.0   PART2_2_1                                                         06/23/2019 00:56:38 PAGE 1   


C51 COMPILER V9.57.0.0, COMPILATION OF MODULE PART2_2_1
OBJECT MODULE PLACED IN part2.2_1.OBJ
COMPILER INVOKED BY: D:\Program Files\Keil_v5\C51\BIN\C51.EXE part2.2_1.c OPTIMIZE(8,SPEED) BROWSE DEBUG OBJECTEXTEND TA
                    -BS(2)

line level    source

   1          #include <reg52.h>        //52系列单片机头文件
   2          #define uchar unsigned char
   3          #define uint unsigned int 
   4          sbit key1=P3^4;
   5          sbit key2=P3^5;
   6          sbit key3=P3^6;
   7          sbit key4=P3^7;
   8          sbit dula=P2^6;   //申明U1锁存器的锁存端
   9          sbit wela=P2^7;   //申明U2锁存器的锁存端
  10          uchar code table[]={
  11          0x3f,0x06,0x5b,0x4f,
  12          0x66,0x6d,0x7d,0x07,
  13          0x7f,0x6f,0x77,0x7c,
  14          0x39,0x5e,0x79,0x71};
  15          void delayms(uint);
  16          uchar numt0,num;
  17          void display(uchar numdis)  //显示子函数
  18          {
  19   1        uchar shi,ge;         //分离两个分别要显示的数
  20   1        shi=numdis/10;
  21   1        ge=numdis%10;
  22   1      
  23   1        dula=1;
  24   1        P0=table[shi];    //送十位段选数据
  25   1        dula=0;
  26   1        wela=1;     //原来段选数据通过位选锁存器造成混乱
  27   1        P0=0xfe;    //送位选数据
  28   1        wela=0;
  29   1        delayms(5); //延时
  30   1        P0=0x00;
  31   1      
  32   1        dula=1;
  33   1        P0=table[ge];  //送个位段选数据
  34   1        dula=0;
  35   1        wela=1;
  36   1        P0=0xfd;
  37   1        wela=0;
  38   1        delayms(5);
  39   1        P0=0x00;
  40   1      }
  41          void delayms(uint xms)        
  42          {
  43   1        uint i,j;
  44   1        for(i=xms;i>0;i--)          //i=xms即延时约xms毫秒
  45   1          for(j=110;j>0;j--);
  46   1      }
  47          void init()    //初始化函数
  48          {
  49   1        TMOD=0x01;//设置定时器0为工作方式1(0000 0001)
  50   1        TH0=(65536-45872)/256;//装初值50ms一次中断
  51   1        TL0=(65536-45872)%256;
  52   1        EA=1;  //开总中断
  53   1        ET0=1; //开定时器0中断  
  54   1      }
C51 COMPILER V9.57.0.0   PART2_2_1                                                         06/23/2019 00:56:38 PAGE 2   

  55          void keyscan()
  56          {
  57   1        if(key1==0)
  58   1        {
  59   2          delayms(10);
  60   2          if(key1==0)
  61   2          {
  62   3            num++;
  63   3            if(num==60)//当到60时重新归0
  64   3              num=0;
  65   3            while(!key1);//等待按键释放 
  66   3          }
  67   2        }
  68   1        if(key2==0)
  69   1        {
  70   2          delayms(10);
  71   2          if(key2==0)
  72   2          {
  73   3            if(num==0)//当到0时重新归60
  74   3              num=60;
  75   3            num--;  
  76   3            while(!key2);
  77   3          }
  78   2        }
  79   1        if(key3==0)
  80   1        {
  81   2          delayms(10);
  82   2          if(key3==0)
  83   2          {
  84   3            num=0;  //清0
  85   3            while(!key3); 
  86   3          }
  87   2        }
  88   1        if(key4==0)
  89   1        {
  90   2          delayms(10);
  91   2          if(key4==0)
  92   2          {
  93   3            while(!key4);
  94   3            TR0=~TR0;//启动或停止定时器0  
  95   3          }
  96   2        }
  97   1      }
  98          void main()
  99          {
 100   1        init();//初始化函数
 101   1        while(1) 
 102   1        {
 103   2          keyscan();
 104   2          display(num);
 105   2        }
 106   1      }
 107          void T0_time() interrupt 1
 108          {
 109   1        TH0=(65536-45872)/256;//重装初值
 110   1        TL0=(65536-45872)%256;  
 111   1        numt0++;  
 112   1        if(numt0==20)   //如果到了20次，说明1秒时间到
 113   1        {
 114   2          numt0=0;    //然后把num清0重新再计20次
 115   2          num++;
 116   2          if(num==60)
C51 COMPILER V9.57.0.0   PART2_2_1                                                         06/23/2019 00:56:38 PAGE 3   

 117   2            num=0;
 118   2        }   
 119   1      }
 120          
 121          


MODULE INFORMATION:   STATIC OVERLAYABLE
   CODE SIZE        =    243    ----
   CONSTANT SIZE    =     16    ----
   XDATA SIZE       =   ----    ----
   PDATA SIZE       =   ----    ----
   DATA SIZE        =      2       1
   IDATA SIZE       =   ----    ----
   BIT SIZE         =   ----    ----
END OF MODULE INFORMATION.


C51 COMPILATION COMPLETE.  0 WARNING(S),  0 ERROR(S)
