C51 COMPILER V9.57.0.0   PART2_3_1                                                         06/23/2019 02:07:55 PAGE 1   


C51 COMPILER V9.57.0.0, COMPILATION OF MODULE PART2_3_1
OBJECT MODULE PLACED IN part2.3_1.OBJ
COMPILER INVOKED BY: D:\Program Files\Keil_v5\C51\BIN\C51.EXE part2.3_1.c OPTIMIZE(8,SPEED) BROWSE DEBUG OBJECTEXTEND TA
                    -BS(2)

line level    source

   1          #include <reg52.h>        //52系列单片机头文件
   2          #include <intrins.h>
   3          #define uchar unsigned char
   4          #define uint unsigned int 
   5          sbit dula=P2^6;   //申明U1锁存器的锁存端
   6          sbit wela=P2^7;   //申明U2锁存器的锁存端
   7          sbit adwr=P3^6;   //定义AD的WR端口
   8          sbit adrd=P3^7;   //定义AD的RD端口
   9          uchar code table[]={
  10          0x3f,0x06,0x5b,0x4f,
  11          0x66,0x6d,0x7d,0x07,
  12          0x7f,0x6f,0x77,0x7c,
  13          0x39,0x5e,0x79,0x71};
  14          void delayms(uint xms)        
  15          {
  16   1        uint i,j;
  17   1        for(i=xms;i>0;i--)          //i=xms即延时约xms毫秒
  18   1          for(j=110;j>0;j--);
  19   1      }
  20          
  21          void display(uchar bai,uchar shi,uchar ge)  //显示子函数
  22          {
  23   1        dula=1;
  24   1        P0=table[bai];    //送段选数据
  25   1        dula=0;
  26   1        wela=1;     //原来段选数据通过位选锁存器造成混乱
  27   1        P0=0x7e;    //送位选数据
  28   1        wela=0;
  29   1        delayms(5);     //延时
  30   1        P0=0x00;
  31   1      
  32   1        dula=1;
  33   1        P0=table[shi];
  34   1        dula=0;
  35   1        wela=1;
  36   1        P0=0x7d;
  37   1        wela=0;
  38   1        delayms(5);
  39   1        P0=0x00;
  40   1      
  41   1        dula=1;
  42   1        P0=table[ge];
  43   1        dula=0;
  44   1        wela=1;
  45   1        P0=0x7b;
  46   1        wela=0;
  47   1        delayms(5);
  48   1        P0=0x00;
  49   1      }
  50          
  51          
  52          void main()   //  主程序
  53          {
  54   1      
C51 COMPILER V9.57.0.0   PART2_3_1                                                         06/23/2019 02:07:55 PAGE 2   

  55   1        uchar a,A1,A2,A3,adval;
  56   1        wela=1;
  57   1        P0=0x7f;           //置CSAD为0，选通ADCS 以后不必再管ADCS
  58   1        wela=0;
  59   1          while(1)
  60   1        {
  61   2          adwr=1;
  62   2          _nop_();
  63   2          adwr=0;     //启动AD转换
  64   2          _nop_();
  65   2          adwr=1;
  66   2          for(a=10;a>0;a--)        //TX-1C实验板AD工作频率较低，所以启动转换后要多留点时间用来转换
  67   2          {                        //这里把显示部分放这里的原因也是为了延长转换时间                               
             -                                                                                                                        
             -                                                                    
  68   3            display(A1,A2,A3);
  69   3          }
  70   2          P1=0xff;                    //读取P1口之前先给其写全1 
  71   2          adrd=1;                    //选通ADCS
  72   2          _nop_();  
  73   2          adrd=0;                     //AD读使能
  74   2          _nop_();
  75   2          adval=P1;     //AD数据读取赋给P1口
  76   2          adrd=1;
  77   2          A1=adval/100;   //分出百，十，和个位
  78   2          A2=adval%100/10;
  79   2          A3=adval%10;
  80   2         }
  81   1      }


MODULE INFORMATION:   STATIC OVERLAYABLE
   CODE SIZE        =    170    ----
   CONSTANT SIZE    =     16    ----
   XDATA SIZE       =   ----    ----
   PDATA SIZE       =   ----    ----
   DATA SIZE        =   ----       3
   IDATA SIZE       =   ----    ----
   BIT SIZE         =   ----    ----
END OF MODULE INFORMATION.


C51 COMPILATION COMPLETE.  0 WARNING(S),  0 ERROR(S)
