C51 COMPILER V9.57.0.0   PART2_5_1                                                         06/24/2019 14:31:04 PAGE 1   


C51 COMPILER V9.57.0.0, COMPILATION OF MODULE PART2_5_1
OBJECT MODULE PLACED IN part2.5_1.OBJ
COMPILER INVOKED BY: D:\Program Files\Keil_v5\C51\BIN\C51.EXE part2.5_1.c OPTIMIZE(8,SPEED) BROWSE DEBUG OBJECTEXTEND TA
                    -BS(2)

line level    source

   1          #include<reg52.h>
   2          #define uchar unsigned char
   3          #define uint unsigned int
   4          uchar code table[]="I LOVE MCU!";
   5          uchar code table1[]="WWW.TXMCU.COM";
   6          sbit lcden=P3^4;  //液晶使能端
   7          sbit lcdrs=P3^5;  //液晶数据命令选择端
   8          sbit dula=P2^6;   //申明U1锁存器的锁存端
   9          sbit wela=P2^7;   //申明U2锁存器的锁存端
  10          uchar num;
  11          void delay(uint z)
  12          {
  13   1        uint x,y;
  14   1        for(x=z;x>0;x--)
  15   1          for(y=110;y>0;y--);
  16   1      }
  17          void write_com(uchar com)
  18          {
  19   1        lcdrs=0;
  20   1        P0=com;
  21   1        delay(5);
  22   1        lcden=1;
  23   1        delay(5);
  24   1        lcden=0;
  25   1      }
  26          void write_data(uchar date)
  27          {
  28   1        lcdrs=1;
  29   1        P0=date;
  30   1        delay(5);
  31   1        lcden=1;
  32   1        delay(5);
  33   1        lcden=0;
  34   1      }
  35          void init()
  36          {
  37   1        dula=0;
  38   1        wela=0;
  39   1        lcden=0;
  40   1        write_com(0x38);//设置16X2显示,5X7点阵,8位数据接口
  41   1        write_com(0x0c);//设置开显示，不显示光标
  42   1        write_com(0x06);//写一个字符后地址指针加1
  43   1        write_com(0x01);//显示清零，数据指针清零
  44   1      }
  45          void main()
  46          {
  47   1        init();
  48   1        write_com(0x80);
  49   1        for(num=0;num<11;num++)
  50   1        {
  51   2          write_data(table[num]);
  52   2          delay(5);
  53   2        }
  54   1        write_com(0x80+0x40);
C51 COMPILER V9.57.0.0   PART2_5_1                                                         06/24/2019 14:31:04 PAGE 2   

  55   1        for(num=0;num<13;num++)
  56   1        {
  57   2          write_data(table1[num]);
  58   2          delay(5);
  59   2        }
  60   1        while(1);
  61   1      }
  62          


MODULE INFORMATION:   STATIC OVERLAYABLE
   CODE SIZE        =    152    ----
   CONSTANT SIZE    =     26    ----
   XDATA SIZE       =   ----    ----
   PDATA SIZE       =   ----    ----
   DATA SIZE        =      1    ----
   IDATA SIZE       =   ----    ----
   BIT SIZE         =   ----    ----
END OF MODULE INFORMATION.


C51 COMPILATION COMPLETE.  0 WARNING(S),  0 ERROR(S)
