C51 COMPILER V9.57.0.0   PART2_1_3                                                         06/23/2019 00:35:46 PAGE 1   


C51 COMPILER V9.57.0.0, COMPILATION OF MODULE PART2_1_3
OBJECT MODULE PLACED IN part2.1_3.OBJ
COMPILER INVOKED BY: D:\Program Files\Keil_v5\C51\BIN\C51.EXE part2.1_3.c OPTIMIZE(8,SPEED) BROWSE DEBUG OBJECTEXTEND TA
                    -BS(2)

line level    source

   1          #include<reg52.h>
   2          
   3          #define uint unsigned int
   4          #define uchar unsigned char
   5          
   6          sbit wela=P2^7;
   7          sbit dula=P2^6;
   8          
   9          uchar num;
  10          
  11          uchar code table[]={
  12          0x3f,0x06,0x5b,0x4f,
  13          0x66,0x6d,0x7d,0x07,
  14          0x7f,0x6f,0x77,0x7c,
  15          0x39,0x5e,0x79,0x71};
  16          
  17          void delayms(uint xms);
  18          
  19          void main()
  20          {
  21   1        while(1)
  22   1        {
  23   2          dula=1;
  24   2          P0=table[1];
  25   2          dula=0;
  26   2          wela=1;
  27   2          P0=0xfe;
  28   2          wela=0;
  29   2          delayms(5);
  30   2          P0=0x00;
  31   2          
  32   2          dula=1;
  33   2          P0=table[2];
  34   2          dula=0;
  35   2          wela=1;
  36   2          P0=0xfd;
  37   2          wela=0;
  38   2          delayms(5);
  39   2          P0=0x00;
  40   2          
  41   2          dula=1;
  42   2          P0=table[3];
  43   2          dula=0;
  44   2          wela=1;
  45   2          P0=0xfb;
  46   2          wela=0;
  47   2          delayms(5);
  48   2          P0=0x00;
  49   2      
  50   2          dula=1;
  51   2          P0=table[4];
  52   2          dula=0;
  53   2          wela=1;
  54   2          P0=0xf7;
C51 COMPILER V9.57.0.0   PART2_1_3                                                         06/23/2019 00:35:46 PAGE 2   

  55   2          wela=0;
  56   2          delayms(5);
  57   2          P0=0x00;
  58   2      
  59   2          dula=1;
  60   2          P0=table[5];
  61   2          dula=0;
  62   2          wela=1;
  63   2          P0=0xef;
  64   2          wela=0;
  65   2          delayms(5);
  66   2          P0=0x00;
  67   2      
  68   2          dula=1;
  69   2          P0=table[6];
  70   2          dula=0;
  71   2          wela=1;
  72   2          P0=0xdf;
  73   2          wela=0;
  74   2          delayms(5);
  75   2          P0=0x00;
  76   2        }
  77   1      }
  78          void delayms(uint xms)
  79          {
  80   1        uint i,j;
  81   1        for(i=xms;i>0;i--)
  82   1          for(j=110;j>0;j--);
  83   1              
  84   1      }


MODULE INFORMATION:   STATIC OVERLAYABLE
   CODE SIZE        =    166    ----
   CONSTANT SIZE    =     16    ----
   XDATA SIZE       =   ----    ----
   PDATA SIZE       =   ----    ----
   DATA SIZE        =      1    ----
   IDATA SIZE       =   ----    ----
   BIT SIZE         =   ----    ----
END OF MODULE INFORMATION.


C51 COMPILATION COMPLETE.  0 WARNING(S),  0 ERROR(S)
