C51 COMPILER V9.57.0.0   PART2_1_5                                                         06/23/2019 00:40:47 PAGE 1   


C51 COMPILER V9.57.0.0, COMPILATION OF MODULE PART2_1_5
OBJECT MODULE PLACED IN part2.1_5.OBJ
COMPILER INVOKED BY: D:\Program Files\Keil_v5\C51\BIN\C51.EXE part2.1_5.c OPTIMIZE(8,SPEED) BROWSE DEBUG OBJECTEXTEND TA
                    -BS(2)

line level    source

   1          #include<reg52.h>
   2          
   3          #define uint unsigned int 
   4          #define uchar unsigned char
   5          
   6          sbit wela=P2^7;
   7          sbit dula=P2^6;
   8          sbit led1=P1^0;
   9          
  10          uchar code table[]={
  11          0x3f,0x06,0x5b,0x4f,
  12          0x66,0x6d,0x7d,0x07,
  13          0x7f,0x6f,0x77,0x7c,
  14          0x39,0x5e,0x79,0x71};
  15          
  16          uchar num,num1,num2,shi,ge;
  17          
  18          void delay(uint);
  19          void display(uchar,uchar);
  20          void timerinit();
  21          void main()
  22          {
  23   1        timerinit();
  24   1        led1=0;
  25   1        while(1)
  26   1        {
  27   2          display(shi,ge);
  28   2        }
  29   1      }
  30          
  31          void display(uchar shi,uchar ge)
  32          {
  33   1        
  34   1        dula=1;
  35   1        P0=table[shi];
  36   1        dula=0;
  37   1        wela=1;
  38   1        P0=0xfe;
  39   1        wela=0;
  40   1        delay(5);
  41   1        P0=0x00;
  42   1        
  43   1        dula=1;
  44   1        P0=table[ge];
  45   1        dula=0;
  46   1        wela=1;
  47   1        P0=0xfd;
  48   1        wela=0;
  49   1        delay(5);
  50   1        P0=0x00;
  51   1      }
  52          
  53          
  54          void delay(uint xms)
C51 COMPILER V9.57.0.0   PART2_1_5                                                         06/23/2019 00:40:47 PAGE 2   

  55          {
  56   1        uint i,j;
  57   1        for(i=xms ;i>0;i--)
  58   1          for(j=110;j>0;j--);
  59   1      }
  60          
  61          void timerinit()
  62          {
  63   1        TMOD|=0X11;
  64   1        TH0=(65536-45872)/256;
  65   1        TL0=(65536-45872)%256;
  66   1        TH1=(65536-45872)/256;
  67   1        TL1=(65536-45872)%256;
  68   1      
  69   1        EA=1;
  70   1        ET0=1;
  71   1        ET1=1;
  72   1        TR0=1;
  73   1        TR1=1;
  74   1      }
  75          
  76          void timer0() interrupt 1
  77          {
  78   1        TH0=(65536-45872)/256;
  79   1        TL0=(65536-45872)%256;
  80   1        num1++;
  81   1        if(num1==4)
  82   1        {
  83   2          num1=0;
  84   2          led1=~led1;
  85   2        } 
  86   1      }
  87          
  88          void timer1() interrupt 3
  89          {
  90   1        TH1=(65536-45872)/256;
  91   1        TL1=(65536-45872)%256;
  92   1        num2++;
  93   1        if(num2==20)
  94   1        {  
  95   2          num2=0;
  96   2          num++;
  97   2          if(num==60)
  98   2          {
  99   3            num=0;
 100   3          }
 101   2          shi=num/10;
 102   2          ge=num%10;    
 103   2        } 
 104   1      }
 105          
 106          
 107          
 108           


MODULE INFORMATION:   STATIC OVERLAYABLE
   CODE SIZE        =    207    ----
   CONSTANT SIZE    =     16    ----
   XDATA SIZE       =   ----    ----
   PDATA SIZE       =   ----    ----
   DATA SIZE        =      5       1
C51 COMPILER V9.57.0.0   PART2_1_5                                                         06/23/2019 00:40:47 PAGE 3   

   IDATA SIZE       =   ----    ----
   BIT SIZE         =   ----    ----
END OF MODULE INFORMATION.


C51 COMPILATION COMPLETE.  0 WARNING(S),  0 ERROR(S)
