C51 COMPILER V9.57.0.0   PART2_1_4                                                         06/22/2019 23:55:15 PAGE 1   


C51 COMPILER V9.57.0.0, COMPILATION OF MODULE PART2_1_4
OBJECT MODULE PLACED IN part2.1_4.OBJ
COMPILER INVOKED BY: D:\Program Files\Keil_v5\C51\BIN\C51.EXE part2.1_4.c OPTIMIZE(8,SPEED) BROWSE DEBUG OBJECTEXTEND TA
                    -BS(2)

line level    source

   1          #include<reg52.h>
   2          
   3          #define uint unsigned int 
   4          #define uchar unsigned char
   5          
   6          sbit led1=P1^0;
   7          uchar num=0;
   8          
   9          void main()
  10          {
  11   1        TMOD|=0X01;
  12   1        TH0=(65536-45872)/256;
  13   1        TL0=(65536-45872)%256;
  14   1        EA=1;
  15   1        ET0=1;
  16   1        TR0=1;
  17   1        while(1);
  18   1      }
  19          
  20          void T0_time() interrupt 1
  21          {
  22   1        TH0=(65536-45872)/256;
  23   1        TL0=(65536-45872)%256;
  24   1        num++;
  25   1        if(num==20)
  26   1        {
  27   2          num=0;
  28   2          led1=~led1;
  29   2        }
  30   1      }


MODULE INFORMATION:   STATIC OVERLAYABLE
   CODE SIZE        =     44    ----
   CONSTANT SIZE    =   ----    ----
   XDATA SIZE       =   ----    ----
   PDATA SIZE       =   ----    ----
   DATA SIZE        =      1    ----
   IDATA SIZE       =   ----    ----
   BIT SIZE         =   ----    ----
END OF MODULE INFORMATION.


C51 COMPILATION COMPLETE.  0 WARNING(S),  0 ERROR(S)
