C51 COMPILER V9.57.0.0   PART2_2_2                                                         06/23/2019 01:14:51 PAGE 1   


C51 COMPILER V9.57.0.0, COMPILATION OF MODULE PART2_2_2
OBJECT MODULE PLACED IN part2.2_2.OBJ
COMPILER INVOKED BY: D:\Program Files\Keil_v5\C51\BIN\C51.EXE part2.2_2.c OPTIMIZE(8,SPEED) BROWSE DEBUG OBJECTEXTEND TA
                    -BS(2)

line level    source

   1          #include <reg52.h>        //52系列单片机头文件
   2          #define uchar unsigned char
   3          #define uint unsigned int 
   4          sbit dula=P2^6;   //申明U1锁存器的锁存端
   5          sbit wela=P2^7;   //申明U2锁存器的锁存端
   6          uchar code table[]={
   7          0x3f,0x06,0x5b,0x4f,
   8          0x66,0x6d,0x7d,0x07,
   9          0x7f,0x6f,0x77,0x7c,
  10          0x39,0x5e,0x79,0x71};
  11          void delayms(uint xms)        
  12          {
  13   1        uint i,j;
  14   1        for(i=xms;i>0;i--)          //i=xms即延时约xms毫秒
  15   1          for(j=110;j>0;j--);
  16   1      }
  17          void display(uchar num)
  18          {
  19   1        P0=table[num]; //显示函数只送段选数据
  20   1        dula=1;
  21   1        dula=0;
  22   1      }
  23          void matrixkeyscan()
  24          {
  25   1        uchar temp,key;
  26   1          P3=0xfe;
  27   1          temp=P3;
  28   1          temp=temp&0xf0;
  29   1          if(temp!=0xf0)
  30   1          {
  31   2            delayms(10);
  32   2          temp=P3;
  33   2          temp=temp&0xf0;
  34   2            if(temp!=0xf0)
  35   2            {
  36   3              temp=P3;
  37   3              switch(temp)
  38   3              {
  39   4                case 0xee:
  40   4                     key=0;
  41   4                     break;
  42   4                case 0xde:
  43   4                     key=1;
  44   4                     break;
  45   4                case 0xbe:
  46   4                     key=2;
  47   4                     break;
  48   4                case 0x7e:
  49   4                     key=3;
  50   4                     break;
  51   4               }
  52   3               while(temp!=0xf0)
  53   3               {
  54   4                 temp=P3;
C51 COMPILER V9.57.0.0   PART2_2_2                                                         06/23/2019 01:14:51 PAGE 2   

  55   4                 temp=temp&0xf0;
  56   4               }
  57   3              display(key);
  58   3            }
  59   2          }
  60   1          P3=0xfd;
  61   1          temp=P3;
  62   1          temp=temp&0xf0;
  63   1          if(temp!=0xf0)
  64   1          {
  65   2            delayms(10);
  66   2            temp=P3;
  67   2            temp=temp&0xf0;
  68   2            if(temp!=0xf0)
  69   2            {
  70   3              temp=P3;
  71   3              switch(temp)
  72   3              {
  73   4                case 0xed:
  74   4                     key=4;
  75   4                     break;
  76   4                case 0xdd:
  77   4                     key=5;
  78   4                     break;
  79   4                case 0xbd:
  80   4                     key=6;
  81   4                     break;
  82   4                case 0x7d:
  83   4                     key=7;
  84   4                     break;
  85   4               }
  86   3               while(temp!=0xf0)
  87   3               {
  88   4                 temp=P3;
  89   4                 temp=temp&0xf0;
  90   4               }
  91   3               display(key);
  92   3            }
  93   2            }
  94   1          P3=0xfb;
  95   1          temp=P3;
  96   1          temp=temp&0xf0;
  97   1          if(temp!=0xf0)
  98   1          {
  99   2            delayms(10);
 100   2            temp=P3;
 101   2            temp=temp&0xf0;
 102   2            if(temp!=0xf0)
 103   2            {
 104   3              temp=P3;
 105   3              switch(temp)
 106   3              {
 107   4                case 0xeb:
 108   4                     key=8;
 109   4                     break;
 110   4                case 0xdb:
 111   4                     key=9;
 112   4                     break;
 113   4                case 0xbb:
 114   4                     key=10;
 115   4                     break;
 116   4                case 0x7b:
C51 COMPILER V9.57.0.0   PART2_2_2                                                         06/23/2019 01:14:51 PAGE 3   

 117   4                     key=11;
 118   4                     break;
 119   4               }
 120   3               while(temp!=0xf0)
 121   3               {
 122   4                 temp=P3;
 123   4                 temp=temp&0xf0;
 124   4               }
 125   3              display(key);
 126   3            }
 127   2            }
 128   1          P3=0xf7;
 129   1          temp=P3;
 130   1          temp=temp&0xf0;
 131   1          if(temp!=0xf0)
 132   1          {
 133   2            delayms(10);
 134   2            temp=P3;
 135   2            temp=temp&0xf0;
 136   2            if(temp!=0xf0)
 137   2            {
 138   3              temp=P3;
 139   3              switch(temp)
 140   3              {
 141   4                case 0xe7:
 142   4                     key=12;
 143   4                     break;
 144   4                case 0xd7:
 145   4                     key=13;
 146   4                     break;
 147   4                case 0xb7:
 148   4                     key=14;
 149   4                     break;
 150   4                case 0x77:
 151   4                     key=15;
 152   4                     break;
 153   4               }
 154   3               while(temp!=0xf0)
 155   3               {
 156   4                 temp=P3;
 157   4                 temp=temp&0xf0;
 158   4               }
 159   3              display(key);
 160   3            }
 161   2          }
 162   1      }
 163          void main()
 164          {
 165   1        P0=0;  //关闭所有数码管段选
 166   1        dula=1;
 167   1        dula=0;
 168   1        P0=0xc0;//位选中所有数码管
 169   1        wela=1;
 170   1        wela=0;
 171   1        while(1)
 172   1        {
 173   2        matrixkeyscan();//不停调用键盘扫描程序
 174   2        }
 175   1      }


MODULE INFORMATION:   STATIC OVERLAYABLE
C51 COMPILER V9.57.0.0   PART2_2_2                                                         06/23/2019 01:14:51 PAGE 4   

   CODE SIZE        =    418    ----
   CONSTANT SIZE    =     16    ----
   XDATA SIZE       =   ----    ----
   PDATA SIZE       =   ----    ----
   DATA SIZE        =   ----       2
   IDATA SIZE       =   ----    ----
   BIT SIZE         =   ----    ----
END OF MODULE INFORMATION.


C51 COMPILATION COMPLETE.  0 WARNING(S),  0 ERROR(S)
