C51 COMPILER V9.57.0.0   PART2_1_1                                                         06/22/2019 23:23:42 PAGE 1   


C51 COMPILER V9.57.0.0, COMPILATION OF MODULE PART2_1_1
OBJECT MODULE PLACED IN part2.1_1.OBJ
COMPILER INVOKED BY: D:\Program Files\Keil_v5\C51\BIN\C51.EXE part2.1_1.c OPTIMIZE(8,SPEED) BROWSE DEBUG OBJECTEXTEND TA
                    -BS(2)

line level    source

   1          #include<reg52.h>
   2          sbit dula=P2^6;
   3          sbit wela=P2^7;
   4          
   5          void main()
   6          {
   7   1        wela=1;
   8   1        P0=0xFE;
   9   1        wela=0;
  10   1      
  11   1        dula=1;
  12   1        P0=0x7F;
  13   1        dula=0;
  14   1        while (1);
  15   1      }


MODULE INFORMATION:   STATIC OVERLAYABLE
   CODE SIZE        =     16    ----
   CONSTANT SIZE    =   ----    ----
   XDATA SIZE       =   ----    ----
   PDATA SIZE       =   ----    ----
   DATA SIZE        =   ----    ----
   IDATA SIZE       =   ----    ----
   BIT SIZE         =   ----    ----
END OF MODULE INFORMATION.


C51 COMPILATION COMPLETE.  0 WARNING(S),  0 ERROR(S)
